-------------------------------------------------------------------------------
Test set: com.bank.demo.customer.architecture.CustomerServiceArchitectureTest
-------------------------------------------------------------------------------
Tests run: 6, Failures: 1, Errors: 0, Skipped: 0, Time elapsed: 0.463 s <<< FAILURE! -- in com.bank.demo.customer.architecture.CustomerServiceArchitectureTest
CustomerServiceArchitectureTest.no_feign_client_annotations -- Time elapsed: 0.001 s <<< FAILURE!
java.lang.AssertionError: 
Architecture Violation [Priority: MEDIUM] - Rule 'ADL ASSERT 4a — Customer Service must not declare @FeignClient interfaces; inter-service communication must use the Kafka event bus only' was violated (1 times):
Class <com.bank.demo.customer.service.AccountServiceClient> is annotated with @FeignClient in (AccountServiceClient.java:0)
	at com.tngtech.archunit.lang.ArchRule$Assertions.assertNoViolation(ArchRule.java:94)
	at com.tngtech.archunit.lang.ArchRule$Assertions.check(ArchRule.java:86)
	at com.tngtech.archunit.lang.ArchRule$Factory$SimpleArchRule.check(ArchRule.java:165)
	at com.tngtech.archunit.junit.internal.ArchUnitTestDescriptor$ArchUnitRuleDescriptor.execute(ArchUnitTestDescriptor.java:167)
	at com.tngtech.archunit.junit.internal.ArchUnitTestDescriptor$ArchUnitRuleDescriptor.execute(ArchUnitTestDescriptor.java:150)
	at java.base/java.util.ArrayList.forEach(ArrayList.java:1597)
	at java.base/java.util.ArrayList.forEach(ArrayList.java:1597)

