<?xml version="1.0" encoding="UTF-8"?>
<testsuite xmlns:xsi="http://www.w3.org/2001/XMLSchema-instance" xsi:noNamespaceSchemaLocation="https://maven.apache.org/surefire/maven-surefire-plugin/xsd/surefire-test-report.xsd" version="3.0.2" name="com.bank.demo.gateway.ApiGatewayApplicationTest" time="0.187" tests="1" errors="0" skipped="0" failures="0">
  <properties>
[...]
</properties>
  <testcase name="contextLoads" classname="com.bank.demo.gateway.ApiGatewayApplicationTest" time="0.001">
    <system-out><![CDATA[2026-04-08T00:50:24.680+03:00  INFO 13588 --- [api-gateway] [           main] t.c.s.AnnotationConfigContextLoaderUtils : Could not detect default configuration classes for test class [com.bank.demo.gateway.ApiGatewayApplicationTest]: ApiGatewayApplicationTest does not declare any static, non-private, non-final, nested classes annotated with @Configuration.
2026-04-08T00:50:24.681+03:00  INFO 13588 --- [api-gateway] [           main] .b.t.c.SpringBootTestContextBootstrapper : Found @SpringBootConfiguration com.bank.demo.gateway.ApiGatewayApplication for test class com.bank.demo.gateway.ApiGatewayApplicationTest

  .   ____          _            __ _ _
 /\\ / ___'_ __ _ _(_)_ __  __ _ \ \ \ \
( ( )\___ | '_ | '_| | '_ \/ _` | \ \ \ \
 \\/  ___)| |_)| | | | | || (_| |  ) ) ) )
  '  |____| .__|_| |_|_| |_\__, | / / / /
 =========|_|==============|___/=/_/_/_/

 :: Spring Boot ::                (v3.4.4)

2026-04-08T00:50:24.696+03:00  INFO 13588 --- [api-gateway] [           main] c.b.d.gateway.ApiGatewayApplicationTest  : Starting ApiGatewayApplicationTest using Java 22.0.2 with PID 13588 (started by motaz in /Users/motaz/Work/my-projects/banking-microservice/api-gateway)
2026-04-08T00:50:24.696+03:00  INFO 13588 --- [api-gateway] [           main] c.b.d.gateway.ApiGatewayApplicationTest  : No active profile set, falling back to 1 default profile: "default"
2026-04-08T00:50:24.767+03:00  INFO 13588 --- [api-gateway] [           main] o.s.cloud.context.scope.GenericScope     : BeanFactory id=8ad63ada-e91c-3b7c-8dae-63f78e2ed0aa
2026-04-08T00:50:24.812+03:00  INFO 13588 --- [api-gateway] [           main] o.s.c.g.r.RouteDefinitionRouteLocator    : Loaded RoutePredicateFactory [After]
2026-04-08T00:50:24.812+03:00  INFO 13588 --- [api-gateway] [           main] o.s.c.g.r.RouteDefinitionRouteLocator    : Loaded RoutePredicateFactory [Before]
2026-04-08T00:50:24.812+03:00  INFO 13588 --- [api-gateway] [           main] o.s.c.g.r.RouteDefinitionRouteLocator    : Loaded RoutePredicateFactory [Between]
2026-04-08T00:50:24.812+03:00  INFO 13588 --- [api-gateway] [           main] o.s.c.g.r.RouteDefinitionRouteLocator    : Loaded RoutePredicateFactory [Cookie]
2026-04-08T00:50:24.812+03:00  INFO 13588 --- [api-gateway] [           main] o.s.c.g.r.RouteDefinitionRouteLocator    : Loaded RoutePredicateFactory [Header]
2026-04-08T00:50:24.812+03:00  INFO 13588 --- [api-gateway] [           main] o.s.c.g.r.RouteDefinitionRouteLocator    : Loaded RoutePredicateFactory [Host]
2026-04-08T00:50:24.812+03:00  INFO 13588 --- [api-gateway] [           main] o.s.c.g.r.RouteDefinitionRouteLocator    : Loaded RoutePredicateFactory [Method]
2026-04-08T00:50:24.812+03:00  INFO 13588 --- [api-gateway] [           main] o.s.c.g.r.RouteDefinitionRouteLocator    : Loaded RoutePredicateFactory [Path]
2026-04-08T00:50:24.812+03:00  INFO 13588 --- [api-gateway] [           main] o.s.c.g.r.RouteDefinitionRouteLocator    : Loaded RoutePredicateFactory [Query]
2026-04-08T00:50:24.812+03:00  INFO 13588 --- [api-gateway] [           main] o.s.c.g.r.RouteDefinitionRouteLocator    : Loaded RoutePredicateFactory [ReadBody]
2026-04-08T00:50:24.812+03:00  INFO 13588 --- [api-gateway] [           main] o.s.c.g.r.RouteDefinitionRouteLocator    : Loaded RoutePredicateFactory [RemoteAddr]
2026-04-08T00:50:24.812+03:00  INFO 13588 --- [api-gateway] [           main] o.s.c.g.r.RouteDefinitionRouteLocator    : Loaded RoutePredicateFactory [XForwardedRemoteAddr]
2026-04-08T00:50:24.812+03:00  INFO 13588 --- [api-gateway] [           main] o.s.c.g.r.RouteDefinitionRouteLocator    : Loaded RoutePredicateFactory [Weight]
2026-04-08T00:50:24.812+03:00  INFO 13588 --- [api-gateway] [           main] o.s.c.g.r.RouteDefinitionRouteLocator    : Loaded RoutePredicateFactory [CloudFoundryRouteService]
2026-04-08T00:50:24.823+03:00  WARN 13588 --- [api-gateway] [           main] o.s.w.r.resource.ResourceHandlerUtils    : Appended trailing slash to static resource location: classpath:/META-INF/resources/webjars/swagger-ui/5.20.1/
2026-04-08T00:50:24.835+03:00  INFO 13588 --- [api-gateway] [           main] o.s.b.a.e.web.EndpointLinksResolver      : Exposing 2 endpoints beneath base path '/actuator'
2026-04-08T00:50:24.864+03:00  INFO 13588 --- [api-gateway] [           main] c.b.d.gateway.ApiGatewayApplicationTest  : Started ApiGatewayApplicationTest in 0.181 seconds (process running for 2.454)
]]></system-out>
  </testcase>
</testsuite>