<?xml version="1.0" encoding="UTF-8"?>
<testsuite xmlns:xsi="http://www.w3.org/2001/XMLSchema-instance" xsi:noNamespaceSchemaLocation="https://maven.apache.org/surefire/maven-surefire-plugin/xsd/surefire-test-report.xsd" version="3.0.2" name="com.bank.demo.gateway.ApiGatewayRoutingTest" time="2.023" tests="3" errors="0" skipped="0" failures="0">
  <properties>
[...]
</properties>
  <testcase name="postPaymentsTransfer_routesToPaymentService" classname="com.bank.demo.gateway.ApiGatewayRoutingTest" time="0.467">
    <system-out><![CDATA[00:50:22.707 [main] INFO org.springframework.test.context.support.AnnotationConfigContextLoaderUtils -- Could not detect default configuration classes for test class [com.bank.demo.gateway.ApiGatewayRoutingTest]: ApiGatewayRoutingTest does not declare any static, non-private, non-final, nested classes annotated with @Configuration.
00:50:22.752 [main] INFO org.springframework.boot.test.context.SpringBootTestContextBootstrapper -- Found @SpringBootConfiguration com.bank.demo.gateway.ApiGatewayApplication for test class com.bank.demo.gateway.ApiGatewayRoutingTest

  .   ____          _            __ _ _
 /\\ / ___'_ __ _ _(_)_ __  __ _ \ \ \ \
( ( )\___ | '_ | '_| | '_ \/ _` | \ \ \ \
 \\/  ___)| |_)| | | | | || (_| |  ) ) ) )
  '  |____| .__|_| |_|_| |_\__, | / / / /
 =========|_|==============|___/=/_/_/_/

 :: Spring Boot ::                (v3.4.4)

2026-04-08T00:50:23.007+03:00  INFO 13588 --- [api-gateway] [           main] c.b.demo.gateway.ApiGatewayRoutingTest   : Starting ApiGatewayRoutingTest using Java 22.0.2 with PID 13588 (started by motaz in /Users/motaz/Work/my-projects/banking-microservice/api-gateway)
2026-04-08T00:50:23.007+03:00  INFO 13588 --- [api-gateway] [           main] c.b.demo.gateway.ApiGatewayRoutingTest   : No active profile set, falling back to 1 default profile: "default"
2026-04-08T00:50:23.349+03:00  INFO 13588 --- [api-gateway] [           main] o.s.cloud.context.scope.GenericScope     : BeanFactory id=bd12d81d-89bc-3569-8f71-f808ac9d7085
2026-04-08T00:50:23.899+03:00  INFO 13588 --- [api-gateway] [           main] o.s.c.g.r.RouteDefinitionRouteLocator    : Loaded RoutePredicateFactory [After]
2026-04-08T00:50:23.899+03:00  INFO 13588 --- [api-gateway] [           main] o.s.c.g.r.RouteDefinitionRouteLocator    : Loaded RoutePredicateFactory [Before]
2026-04-08T00:50:23.899+03:00  INFO 13588 --- [api-gateway] [           main] o.s.c.g.r.RouteDefinitionRouteLocator    : Loaded RoutePredicateFactory [Between]
2026-04-08T00:50:23.899+03:00  INFO 13588 --- [api-gateway] [           main] o.s.c.g.r.RouteDefinitionRouteLocator    : Loaded RoutePredicateFactory [Cookie]
2026-04-08T00:50:23.899+03:00  INFO 13588 --- [api-gateway] [           main] o.s.c.g.r.RouteDefinitionRouteLocator    : Loaded RoutePredicateFactory [Header]
2026-04-08T00:50:23.899+03:00  INFO 13588 --- [api-gateway] [           main] o.s.c.g.r.RouteDefinitionRouteLocator    : Loaded RoutePredicateFactory [Host]
2026-04-08T00:50:23.899+03:00  INFO 13588 --- [api-gateway] [           main] o.s.c.g.r.RouteDefinitionRouteLocator    : Loaded RoutePredicateFactory [Method]
2026-04-08T00:50:23.899+03:00  INFO 13588 --- [api-gateway] [           main] o.s.c.g.r.RouteDefinitionRouteLocator    : Loaded RoutePredicateFactory [Path]
2026-04-08T00:50:23.899+03:00  INFO 13588 --- [api-gateway] [           main] o.s.c.g.r.RouteDefinitionRouteLocator    : Loaded RoutePredicateFactory [Query]
2026-04-08T00:50:23.899+03:00  INFO 13588 --- [api-gateway] [           main] o.s.c.g.r.RouteDefinitionRouteLocator    : Loaded RoutePredicateFactory [ReadBody]
2026-04-08T00:50:23.899+03:00  INFO 13588 --- [api-gateway] [           main] o.s.c.g.r.RouteDefinitionRouteLocator    : Loaded RoutePredicateFactory [RemoteAddr]
2026-04-08T00:50:23.899+03:00  INFO 13588 --- [api-gateway] [           main] o.s.c.g.r.RouteDefinitionRouteLocator    : Loaded RoutePredicateFactory [XForwardedRemoteAddr]
2026-04-08T00:50:23.899+03:00  INFO 13588 --- [api-gateway] [           main] o.s.c.g.r.RouteDefinitionRouteLocator    : Loaded RoutePredicateFactory [Weight]
2026-04-08T00:50:23.899+03:00  INFO 13588 --- [api-gateway] [           main] o.s.c.g.r.RouteDefinitionRouteLocator    : Loaded RoutePredicateFactory [CloudFoundryRouteService]
2026-04-08T00:50:23.949+03:00  WARN 13588 --- [api-gateway] [           main] o.s.w.r.resource.ResourceHandlerUtils    : Appended trailing slash to static resource location: classpath:/META-INF/resources/webjars/swagger-ui/5.20.1/
2026-04-08T00:50:23.984+03:00  INFO 13588 --- [api-gateway] [           main] o.s.b.a.e.web.EndpointLinksResolver      : Exposing 2 endpoints beneath base path '/actuator'
2026-04-08T00:50:24.130+03:00  INFO 13588 --- [api-gateway] [           main] o.s.b.web.embedded.netty.NettyWebServer  : Netty started on port 62960 (http)
2026-04-08T00:50:24.157+03:00  INFO 13588 --- [api-gateway] [           main] c.b.demo.gateway.ApiGatewayRoutingTest   : Started ApiGatewayRoutingTest in 1.286 seconds (process running for 1.747)
2026-04-08T00:50:24.517+03:00 ERROR 13588 --- [api-gateway] [           main] i.n.r.d.DnsServerAddressStreamProviders  : Unable to load io.netty.resolver.dns.macos.MacOSDnsServerAddressStreamProvider, fallback to system defaults. This may result in incorrect DNS resolutions on MacOS. Check whether you have a dependency on 'io.netty:netty-resolver-dns-native-macos'. Use DEBUG level to see the full stack: java.lang.UnsatisfiedLinkError: failed to load the required native library
2026-04-08T00:50:24.621+03:00  INFO 13588 --- [api-gateway] [ qtp40133542-73] WireMock                                 : Request received:
127.0.0.1 - POST /payments/transfer

Accept-Encoding: [gzip]
User-Agent: [ReactorNetty/1.2.4]
Accept: [*/*]
WebTestClient-Request-Id: [1]
Forwarded: [proto=http;host="localhost:62960";for="127.0.0.1:62961"]
X-Forwarded-For: [127.0.0.1]
X-Forwarded-Proto: [http]
X-Forwarded-Port: [62960]
X-Forwarded-Host: [localhost:62960]
Host: [localhost:10557]
Content-Length: [0]



Matched response definition:
{
  "status" : 200,
  "body" : "{\"transactionId\":\"T001\",\"refNo\":\"REF001\"}",
  "headers" : {
    "Content-Type" : "application/json"
  }
}

Response:
HTTP/1.1 200
Content-Type: [application/json]
Matched-Stub-Id: [fb666ee4-51a8-4011-bb45-b7980941bf14]

]]></system-out>
    <system-err><![CDATA[Mockito is currently self-attaching to enable the inline-mock-maker. This will no longer work in future releases of the JDK. Please add Mockito as an agent to your build what is described in Mockito's documentation: https://javadoc.io/doc/org.mockito/mockito-core/latest/org/mockito/Mockito.html#0.3
WARNING: A Java agent has been loaded dynamically (/Users/motaz/.m2/repository/net/bytebuddy/byte-buddy-agent/1.15.11/byte-buddy-agent-1.15.11.jar)
WARNING: If a serviceability tool is in use, please run with -XX:+EnableDynamicAgentLoading to hide this warning
WARNING: If a serviceability tool is not in use, please run with -Djdk.instrument.traceUsage for more information
WARNING: Dynamic loading of agents will be disallowed by default in a future release
]]></system-err>
  </testcase>
  <testcase name="postCustomersRegister_routesToCustomerService" classname="com.bank.demo.gateway.ApiGatewayRoutingTest" time="0.008">
    <system-out><![CDATA[2026-04-08T00:50:24.645+03:00  INFO 13588 --- [api-gateway] [ qtp40133542-42] WireMock                                 : Request received:
127.0.0.1 - POST /customers/register

Accept-Encoding: [gzip]
User-Agent: [ReactorNetty/1.2.4]
Accept: [*/*]
WebTestClient-Request-Id: [2]
Forwarded: [proto=http;host="localhost:62960";for="127.0.0.1:62963"]
X-Forwarded-For: [127.0.0.1]
X-Forwarded-Proto: [http]
X-Forwarded-Port: [62960]
X-Forwarded-Host: [localhost:62960]
Host: [localhost:10557]
Content-Length: [0]



Matched response definition:
{
  "status" : 201,
  "body" : "{\"customerId\":\"C001\"}",
  "headers" : {
    "Content-Type" : "application/json"
  }
}

Response:
HTTP/1.1 201
Content-Type: [application/json]
Matched-Stub-Id: [3e79db4f-01b2-42a3-8ce6-44b31247f6f3]

]]></system-out>
  </testcase>
  <testcase name="unmappedPath_returns404" classname="com.bank.demo.gateway.ApiGatewayRoutingTest" time="0.024"/>
</testsuite>